<!DOCTYPE html PUBLIC "-//W3C//DTD XHTML 1.1//EN" "http://www.w3.org/TR/xhtml11/DTD/xhtml11.dtd">
<html xmlns="http://www.w3.org/1999/xhtml">
<head>
<meta http-equiv="content-type" content="text/html; charset=UTF-8"/>
<title>TestNG Report</title>
<style type="text/css">table {margin-bottom:10px;border-collapse:collapse;empty-cells:show}th,td {border:1px solid #009;padding:.25em .5em}th {vertical-align:bottom}td {vertical-align:top}table a {font-weight:bold}.stripe td {background-color: #E6EBF9}.num {text-align:right}.passedodd td {background-color: #3F3}.passedeven td {background-color: #0A0}.skippedodd td {background-color: #DDD}.skippedeven td {background-color: #CCC}.failedodd td,.attn {background-color: #F33}.failedeven td,.stripe .attn {background-color: #D00}.stacktrace {white-space:pre;font-family:monospace}.totop {font-size:85%;text-align:center;border-bottom:2px solid #000}.invisible {display:none}</style>
</head>
<body>
<table>
<tr><th>Test</th><th># Passed</th><th># Skipped</th><th># Retried</th><th># Failed</th><th>Time (ms)</th><th>Included Groups</th><th>Excluded Groups</th></tr>
<tr><th colspan="7">Walmart Search JSON</th></tr>
<tr><td><a href="#t0">D:/Workspace/WalmartRestProject</a></td><td class="num">11</td><td class="num">0</td><td class="num">0</td><td class="num">0</td><td class="num">17,313</td><td></td><td></td></tr>
<tr><th colspan="7">Walmart Search XML</th></tr>
<tr class="stripe"><td><a href="#t1">D:/Workspace/WalmartRestProject</a></td><td class="num">3</td><td class="num">0</td><td class="num">0</td><td class="num attn">5</td><td class="num">8,419</td><td></td><td></td></tr>
<tr><th>Total</th><th class="num">14</th><th class="num">0</th><th class="num">0</th><th class="num attn">5</th><th class="num">25,732</th><th colspan="2"></th></tr>
</table>
<table id='summary'><thead><tr><th>Class</th><th>Method</th><th>Start</th><th>Time (ms)</th></tr></thead><tbody><tr><th colspan="4">Walmart Search JSON</th></tr></tbody><tbody id="t0"><tr><th colspan="4">D:/Workspace/WalmartRestProject &#8212; passed</th></tr><tr class="passedeven"><td rowspan="11">walmart.Walmart_Search</td><td><a href="#m0">getProduct1</a></td><td rowspan="1">1604859286916</td><td rowspan="1">5046</td></tr><tr class="passedeven"><td><a href="#m1">getProduct10</a></td><td rowspan="1">1604859300989</td><td rowspan="1">1119</td></tr><tr class="passedeven"><td><a href="#m2">getProduct11</a></td><td rowspan="1">1604859302115</td><td rowspan="1">1079</td></tr><tr class="passedeven"><td><a href="#m3">getProduct2</a></td><td rowspan="1">1604859292076</td><td rowspan="1">1218</td></tr><tr class="passedeven"><td><a href="#m4">getProduct3</a></td><td rowspan="1">1604859293302</td><td rowspan="1">1114</td></tr><tr class="passedeven"><td><a href="#m5">getProduct4</a></td><td rowspan="1">1604859294420</td><td rowspan="1">1036</td></tr><tr class="passedeven"><td><a href="#m6">getProduct5</a></td><td rowspan="1">1604859295461</td><td rowspan="1">1058</td></tr><tr class="passedeven"><td><a href="#m7">getProduct6</a></td><td rowspan="1">1604859296524</td><td rowspan="1">1149</td></tr><tr class="passedeven"><td><a href="#m8">getProduct7</a></td><td rowspan="1">1604859297683</td><td rowspan="1">1241</td></tr><tr class="passedeven"><td><a href="#m9">getProduct8</a></td><td rowspan="1">1604859298935</td><td rowspan="1">1039</td></tr><tr class="passedeven"><td><a href="#m10">getProduct9</a></td><td rowspan="1">1604859299985</td><td rowspan="1">1000</td></tr></tbody>
<tbody><tr><th colspan="4">Walmart Search XML</th></tr></tbody><tbody id="t1"><tr><th colspan="4">D:/Workspace/WalmartRestProject &#8212; failed</th></tr><tr class="failedeven"><td rowspan="5">walmart.Walmart_Search_XML</td><td><a href="#m11">getProduct4</a></td><td rowspan="1">1604859306480</td><td rowspan="1">1023</td></tr><tr class="failedeven"><td><a href="#m12">getProduct5</a></td><td rowspan="1">1604859307534</td><td rowspan="1">1100</td></tr><tr class="failedeven"><td><a href="#m13">getProduct6</a></td><td rowspan="1">1604859308650</td><td rowspan="1">958</td></tr><tr class="failedeven"><td><a href="#m14">getProduct7</a></td><td rowspan="1">1604859309614</td><td rowspan="1">1118</td></tr><tr class="failedeven"><td><a href="#m15">getProduct8</a></td><td rowspan="1">1604859310735</td><td rowspan="1">920</td></tr><tr><th colspan="4">D:/Workspace/WalmartRestProject &#8212; passed</th></tr><tr class="passedeven"><td rowspan="3">walmart.Walmart_Search_XML</td><td><a href="#m16">getProduct1</a></td><td rowspan="1">1604859303240</td><td rowspan="1">1047</td></tr><tr class="passedeven"><td><a href="#m17">getProduct2</a></td><td rowspan="1">1604859304292</td><td rowspan="1">1068</td></tr><tr class="passedeven"><td><a href="#m18">getProduct3</a></td><td rowspan="1">1604859305364</td><td rowspan="1">1111</td></tr></tbody>
</table>
<h2>D:/Workspace/WalmartRestProject</h2><h3 id="m0">walmart.Walmart_Search#getProduct1</h3><table class="result"><tr><th class="invisible"/></tr></table><p class="totop"><a href="#summary">back to summary</a></p>
<h3 id="m1">walmart.Walmart_Search#getProduct10</h3><table class="result"><tr><th class="invisible"/></tr></table><p class="totop"><a href="#summary">back to summary</a></p>
<h3 id="m2">walmart.Walmart_Search#getProduct11</h3><table class="result"><tr><th class="invisible"/></tr></table><p class="totop"><a href="#summary">back to summary</a></p>
<h3 id="m3">walmart.Walmart_Search#getProduct2</h3><table class="result"><tr><th class="invisible"/></tr></table><p class="totop"><a href="#summary">back to summary</a></p>
<h3 id="m4">walmart.Walmart_Search#getProduct3</h3><table class="result"><tr><th class="invisible"/></tr></table><p class="totop"><a href="#summary">back to summary</a></p>
<h3 id="m5">walmart.Walmart_Search#getProduct4</h3><table class="result"><tr><th class="invisible"/></tr></table><p class="totop"><a href="#summary">back to summary</a></p>
<h3 id="m6">walmart.Walmart_Search#getProduct5</h3><table class="result"><tr><th class="invisible"/></tr></table><p class="totop"><a href="#summary">back to summary</a></p>
<h3 id="m7">walmart.Walmart_Search#getProduct6</h3><table class="result"><tr><th class="invisible"/></tr></table><p class="totop"><a href="#summary">back to summary</a></p>
<h3 id="m8">walmart.Walmart_Search#getProduct7</h3><table class="result"><tr><th class="invisible"/></tr></table><p class="totop"><a href="#summary">back to summary</a></p>
<h3 id="m9">walmart.Walmart_Search#getProduct8</h3><table class="result"><tr><th class="invisible"/></tr></table><p class="totop"><a href="#summary">back to summary</a></p>
<h3 id="m10">walmart.Walmart_Search#getProduct9</h3><table class="result"><tr><th class="invisible"/></tr></table><p class="totop"><a href="#summary">back to summary</a></p>
<h2>D:/Workspace/WalmartRestProject</h2><h3 id="m11">walmart.Walmart_Search_XML#getProduct4</h3><table class="result"><tr><th>Exception</th></tr><tr><td><div class="stacktrace">io.restassured.path.xml.exception.XmlPathException: Failed to parse the XML document
	at io.restassured.path.xml.XmlPath$LazyXmlParser.invoke(XmlPath.java:1039)
	at io.restassured.path.xml.XmlPath.getFromPath(XmlPath.java:423)
	at io.restassured.path.xml.XmlPath.get(XmlPath.java:317)
	at io.restassured.path.xml.XmlPath.getString(XmlPath.java:571)
	at walmart.Walmart_Search_XML.getProduct4(Walmart_Search_XML.java:73)
	at sun.reflect.NativeMethodAccessorImpl.invoke0(Native Method)
	at sun.reflect.NativeMethodAccessorImpl.invoke(NativeMethodAccessorImpl.java:62)
	at sun.reflect.DelegatingMethodAccessorImpl.invoke(DelegatingMethodAccessorImpl.java:43)
	at java.lang.reflect.Method.invoke(Method.java:498)
	at org.testng.internal.MethodInvocationHelper.invokeMethod(MethodInvocationHelper.java:133)
	at org.testng.internal.TestInvoker.invokeMethod(TestInvoker.java:584)
	at org.testng.internal.TestInvoker.invokeTestMethod(TestInvoker.java:172)
	at org.testng.internal.MethodRunner.runInSequence(MethodRunner.java:46)
	at org.testng.internal.TestInvoker$MethodInvocationAgent.invoke(TestInvoker.java:804)
	at org.testng.internal.TestInvoker.invokeTestMethods(TestInvoker.java:145)
	at org.testng.internal.TestMethodWorker.invokeTestMethods(TestMethodWorker.java:146)
	at org.testng.internal.TestMethodWorker.run(TestMethodWorker.java:128)
	at java.util.ArrayList.forEach(ArrayList.java:1259)
	at org.testng.TestRunner.privateRun(TestRunner.java:770)
	at org.testng.TestRunner.run(TestRunner.java:591)
	at org.testng.SuiteRunner.runTest(SuiteRunner.java:402)
	at org.testng.SuiteRunner.runSequentially(SuiteRunner.java:396)
	at org.testng.SuiteRunner.privateRun(SuiteRunner.java:355)
	at org.testng.SuiteRunner.run(SuiteRunner.java:304)
	at org.testng.SuiteRunnerWorker.runSuite(SuiteRunnerWorker.java:53)
	at org.testng.SuiteRunnerWorker.run(SuiteRunnerWorker.java:96)
	at org.testng.TestNG.runSuitesSequentially(TestNG.java:1180)
	at org.testng.TestNG.runSuitesLocally(TestNG.java:1102)
	at org.testng.TestNG.runSuites(TestNG.java:1032)
	at org.testng.TestNG.run(TestNG.java:1000)
	at org.apache.maven.surefire.testng.TestNGExecutor.run(TestNGExecutor.java:284)
	at org.apache.maven.surefire.testng.TestNGXmlTestSuite.execute(TestNGXmlTestSuite.java:75)
	at org.apache.maven.surefire.testng.TestNGProvider.invoke(TestNGProvider.java:119)
	at org.apache.maven.surefire.booter.ForkedBooter.runSuitesInProcess(ForkedBooter.java:428)
	at org.apache.maven.surefire.booter.ForkedBooter.execute(ForkedBooter.java:162)
	at org.apache.maven.surefire.booter.ForkedBooter.run(ForkedBooter.java:562)
	at org.apache.maven.surefire.booter.ForkedBooter.main(ForkedBooter.java:548)
Caused by: org.xml.sax.SAXParseException; lineNumber: 1; columnNumber: 1; Content is not allowed in prolog.
	at com.sun.org.apache.xerces.internal.parsers.AbstractSAXParser.parse(AbstractSAXParser.java:1243)
	at com.sun.org.apache.xerces.internal.jaxp.SAXParserImpl$JAXPSAXParser.parse(SAXParserImpl.java:644)
	at groovy.xml.XmlSlurper.parse(XmlSlurper.java:202)
	at groovy.xml.XmlSlurper.parse(XmlSlurper.java:255)
	at groovy.xml.XmlSlurper.parseText(XmlSlurper.java:281)
	at io.restassured.path.xml.XmlPath$1.method(XmlPath.java:840)
	at io.restassured.path.xml.XmlPath$LazyXmlParser.invoke(XmlPath.java:1032)
	... 36 more
</div></td></tr></table><p class="totop"><a href="#summary">back to summary</a></p>
<h3 id="m12">walmart.Walmart_Search_XML#getProduct5</h3><table class="result"><tr><th>Exception</th></tr><tr><td><div class="stacktrace">java.lang.NullPointerException
	at walmart.Walmart_Search_XML.getProduct5(Walmart_Search_XML.java:86)
	at sun.reflect.NativeMethodAccessorImpl.invoke0(Native Method)
	at sun.reflect.NativeMethodAccessorImpl.invoke(NativeMethodAccessorImpl.java:62)
	at sun.reflect.DelegatingMethodAccessorImpl.invoke(DelegatingMethodAccessorImpl.java:43)
	at java.lang.reflect.Method.invoke(Method.java:498)
	at org.testng.internal.MethodInvocationHelper.invokeMethod(MethodInvocationHelper.java:133)
	at org.testng.internal.TestInvoker.invokeMethod(TestInvoker.java:584)
	at org.testng.internal.TestInvoker.invokeTestMethod(TestInvoker.java:172)
	at org.testng.internal.MethodRunner.runInSequence(MethodRunner.java:46)
	at org.testng.internal.TestInvoker$MethodInvocationAgent.invoke(TestInvoker.java:804)
	at org.testng.internal.TestInvoker.invokeTestMethods(TestInvoker.java:145)
	at org.testng.internal.TestMethodWorker.invokeTestMethods(TestMethodWorker.java:146)
	at org.testng.internal.TestMethodWorker.run(TestMethodWorker.java:128)
	at java.util.ArrayList.forEach(ArrayList.java:1259)
	at org.testng.TestRunner.privateRun(TestRunner.java:770)
	at org.testng.TestRunner.run(TestRunner.java:591)
	at org.testng.SuiteRunner.runTest(SuiteRunner.java:402)
	at org.testng.SuiteRunner.runSequentially(SuiteRunner.java:396)
	at org.testng.SuiteRunner.privateRun(SuiteRunner.java:355)
	at org.testng.SuiteRunner.run(SuiteRunner.java:304)
	at org.testng.SuiteRunnerWorker.runSuite(SuiteRunnerWorker.java:53)
	at org.testng.SuiteRunnerWorker.run(SuiteRunnerWorker.java:96)
	at org.testng.TestNG.runSuitesSequentially(TestNG.java:1180)
	at org.testng.TestNG.runSuitesLocally(TestNG.java:1102)
	at org.testng.TestNG.runSuites(TestNG.java:1032)
	at org.testng.TestNG.run(TestNG.java:1000)
	at org.apache.maven.surefire.testng.TestNGExecutor.run(TestNGExecutor.java:284)
	at org.apache.maven.surefire.testng.TestNGXmlTestSuite.execute(TestNGXmlTestSuite.java:75)
	at org.apache.maven.surefire.testng.TestNGProvider.invoke(TestNGProvider.java:119)
	at org.apache.maven.surefire.booter.ForkedBooter.runSuitesInProcess(ForkedBooter.java:428)
	at org.apache.maven.surefire.booter.ForkedBooter.execute(ForkedBooter.java:162)
	at org.apache.maven.surefire.booter.ForkedBooter.run(ForkedBooter.java:562)
	at org.apache.maven.surefire.booter.ForkedBooter.main(ForkedBooter.java:548)
</div></td></tr></table><p class="totop"><a href="#summary">back to summary</a></p>
<h3 id="m13">walmart.Walmart_Search_XML#getProduct6</h3><table class="result"><tr><th>Exception</th></tr><tr><td><div class="stacktrace">io.restassured.path.xml.exception.XmlPathException: Failed to parse the XML document
	at io.restassured.path.xml.XmlPath$LazyXmlParser.invoke(XmlPath.java:1039)
	at io.restassured.path.xml.XmlPath.getFromPath(XmlPath.java:423)
	at io.restassured.path.xml.XmlPath.get(XmlPath.java:317)
	at io.restassured.path.xml.XmlPath.getAsList(XmlPath.java:882)
	at io.restassured.path.xml.XmlPath.getAsList(XmlPath.java:878)
	at io.restassured.path.xml.XmlPath.getList(XmlPath.java:330)
	at walmart.Walmart_Search_XML.getProduct6(Walmart_Search_XML.java:98)
	at sun.reflect.NativeMethodAccessorImpl.invoke0(Native Method)
	at sun.reflect.NativeMethodAccessorImpl.invoke(NativeMethodAccessorImpl.java:62)
	at sun.reflect.DelegatingMethodAccessorImpl.invoke(DelegatingMethodAccessorImpl.java:43)
	at java.lang.reflect.Method.invoke(Method.java:498)
	at org.testng.internal.MethodInvocationHelper.invokeMethod(MethodInvocationHelper.java:133)
	at org.testng.internal.TestInvoker.invokeMethod(TestInvoker.java:584)
	at org.testng.internal.TestInvoker.invokeTestMethod(TestInvoker.java:172)
	at org.testng.internal.MethodRunner.runInSequence(MethodRunner.java:46)
	at org.testng.internal.TestInvoker$MethodInvocationAgent.invoke(TestInvoker.java:804)
	at org.testng.internal.TestInvoker.invokeTestMethods(TestInvoker.java:145)
	at org.testng.internal.TestMethodWorker.invokeTestMethods(TestMethodWorker.java:146)
	at org.testng.internal.TestMethodWorker.run(TestMethodWorker.java:128)
	at java.util.ArrayList.forEach(ArrayList.java:1259)
	at org.testng.TestRunner.privateRun(TestRunner.java:770)
	at org.testng.TestRunner.run(TestRunner.java:591)
	at org.testng.SuiteRunner.runTest(SuiteRunner.java:402)
	at org.testng.SuiteRunner.runSequentially(SuiteRunner.java:396)
	at org.testng.SuiteRunner.privateRun(SuiteRunner.java:355)
	at org.testng.SuiteRunner.run(SuiteRunner.java:304)
	at org.testng.SuiteRunnerWorker.runSuite(SuiteRunnerWorker.java:53)
	at org.testng.SuiteRunnerWorker.run(SuiteRunnerWorker.java:96)
	at org.testng.TestNG.runSuitesSequentially(TestNG.java:1180)
	at org.testng.TestNG.runSuitesLocally(TestNG.java:1102)
	at org.testng.TestNG.runSuites(TestNG.java:1032)
	at org.testng.TestNG.run(TestNG.java:1000)
	at org.apache.maven.surefire.testng.TestNGExecutor.run(TestNGExecutor.java:284)
	at org.apache.maven.surefire.testng.TestNGXmlTestSuite.execute(TestNGXmlTestSuite.java:75)
	at org.apache.maven.surefire.testng.TestNGProvider.invoke(TestNGProvider.java:119)
	at org.apache.maven.surefire.booter.ForkedBooter.runSuitesInProcess(ForkedBooter.java:428)
	at org.apache.maven.surefire.booter.ForkedBooter.execute(ForkedBooter.java:162)
	at org.apache.maven.surefire.booter.ForkedBooter.run(ForkedBooter.java:562)
	at org.apache.maven.surefire.booter.ForkedBooter.main(ForkedBooter.java:548)
Caused by: org.xml.sax.SAXParseException; lineNumber: 1; columnNumber: 1; Content is not allowed in prolog.
	at com.sun.org.apache.xerces.internal.parsers.AbstractSAXParser.parse(AbstractSAXParser.java:1243)
	at com.sun.org.apache.xerces.internal.jaxp.SAXParserImpl$JAXPSAXParser.parse(SAXParserImpl.java:644)
	at groovy.xml.XmlSlurper.parse(XmlSlurper.java:202)
	at groovy.xml.XmlSlurper.parse(XmlSlurper.java:255)
	at groovy.xml.XmlSlurper.parseText(XmlSlurper.java:281)
	at io.restassured.path.xml.XmlPath$1.method(XmlPath.java:840)
	at io.restassured.path.xml.XmlPath$LazyXmlParser.invoke(XmlPath.java:1032)
	... 38 more
</div></td></tr></table><p class="totop"><a href="#summary">back to summary</a></p>
<h3 id="m14">walmart.Walmart_Search_XML#getProduct7</h3><table class="result"><tr><th>Exception</th></tr><tr><td><div class="stacktrace">io.restassured.path.xml.exception.XmlPathException: Failed to parse the XML document
	at io.restassured.path.xml.XmlPath$LazyXmlParser.invoke(XmlPath.java:1039)
	at io.restassured.path.xml.XmlPath.getFromPath(XmlPath.java:423)
	at io.restassured.path.xml.XmlPath.get(XmlPath.java:317)
	at io.restassured.path.xml.XmlPath.getAsList(XmlPath.java:882)
	at io.restassured.path.xml.XmlPath.getAsList(XmlPath.java:878)
	at io.restassured.path.xml.XmlPath.getList(XmlPath.java:330)
	at walmart.Walmart_Search_XML.getProduct7(Walmart_Search_XML.java:113)
	at sun.reflect.NativeMethodAccessorImpl.invoke0(Native Method)
	at sun.reflect.NativeMethodAccessorImpl.invoke(NativeMethodAccessorImpl.java:62)
	at sun.reflect.DelegatingMethodAccessorImpl.invoke(DelegatingMethodAccessorImpl.java:43)
	at java.lang.reflect.Method.invoke(Method.java:498)
	at org.testng.internal.MethodInvocationHelper.invokeMethod(MethodInvocationHelper.java:133)
	at org.testng.internal.TestInvoker.invokeMethod(TestInvoker.java:584)
	at org.testng.internal.TestInvoker.invokeTestMethod(TestInvoker.java:172)
	at org.testng.internal.MethodRunner.runInSequence(MethodRunner.java:46)
	at org.testng.internal.TestInvoker$MethodInvocationAgent.invoke(TestInvoker.java:804)
	at org.testng.internal.TestInvoker.invokeTestMethods(TestInvoker.java:145)
	at org.testng.internal.TestMethodWorker.invokeTestMethods(TestMethodWorker.java:146)
	at org.testng.internal.TestMethodWorker.run(TestMethodWorker.java:128)
	at java.util.ArrayList.forEach(ArrayList.java:1259)
	at org.testng.TestRunner.privateRun(TestRunner.java:770)
	at org.testng.TestRunner.run(TestRunner.java:591)
	at org.testng.SuiteRunner.runTest(SuiteRunner.java:402)
	at org.testng.SuiteRunner.runSequentially(SuiteRunner.java:396)
	at org.testng.SuiteRunner.privateRun(SuiteRunner.java:355)
	at org.testng.SuiteRunner.run(SuiteRunner.java:304)
	at org.testng.SuiteRunnerWorker.runSuite(SuiteRunnerWorker.java:53)
	at org.testng.SuiteRunnerWorker.run(SuiteRunnerWorker.java:96)
	at org.testng.TestNG.runSuitesSequentially(TestNG.java:1180)
	at org.testng.TestNG.runSuitesLocally(TestNG.java:1102)
	at org.testng.TestNG.runSuites(TestNG.java:1032)
	at org.testng.TestNG.run(TestNG.java:1000)
	at org.apache.maven.surefire.testng.TestNGExecutor.run(TestNGExecutor.java:284)
	at org.apache.maven.surefire.testng.TestNGXmlTestSuite.execute(TestNGXmlTestSuite.java:75)
	at org.apache.maven.surefire.testng.TestNGProvider.invoke(TestNGProvider.java:119)
	at org.apache.maven.surefire.booter.ForkedBooter.runSuitesInProcess(ForkedBooter.java:428)
	at org.apache.maven.surefire.booter.ForkedBooter.execute(ForkedBooter.java:162)
	at org.apache.maven.surefire.booter.ForkedBooter.run(ForkedBooter.java:562)
	at org.apache.maven.surefire.booter.ForkedBooter.main(ForkedBooter.java:548)
Caused by: org.xml.sax.SAXParseException; lineNumber: 1; columnNumber: 1; Content is not allowed in prolog.
	at com.sun.org.apache.xerces.internal.parsers.AbstractSAXParser.parse(AbstractSAXParser.java:1243)
	at com.sun.org.apache.xerces.internal.jaxp.SAXParserImpl$JAXPSAXParser.parse(SAXParserImpl.java:644)
	at groovy.xml.XmlSlurper.parse(XmlSlurper.java:202)
	at groovy.xml.XmlSlurper.parse(XmlSlurper.java:255)
	at groovy.xml.XmlSlurper.parseText(XmlSlurper.java:281)
	at io.restassured.path.xml.XmlPath$1.method(XmlPath.java:840)
	at io.restassured.path.xml.XmlPath$LazyXmlParser.invoke(XmlPath.java:1032)
	... 38 more
</div></td></tr></table><p class="totop"><a href="#summary">back to summary</a></p>
<h3 id="m15">walmart.Walmart_Search_XML#getProduct8</h3><table class="result"><tr><th>Exception</th></tr><tr><td><div class="stacktrace">io.restassured.path.xml.exception.XmlPathException: Failed to parse the XML document
	at io.restassured.path.xml.XmlPath$LazyXmlParser.invoke(XmlPath.java:1039)
	at io.restassured.path.xml.XmlPath.getFromPath(XmlPath.java:423)
	at io.restassured.path.xml.XmlPath.get(XmlPath.java:317)
	at io.restassured.path.xml.XmlPath.getAsList(XmlPath.java:882)
	at io.restassured.path.xml.XmlPath.getAsList(XmlPath.java:878)
	at io.restassured.path.xml.XmlPath.getList(XmlPath.java:330)
	at walmart.Walmart_Search_XML.getProduct8(Walmart_Search_XML.java:127)
	at sun.reflect.NativeMethodAccessorImpl.invoke0(Native Method)
	at sun.reflect.NativeMethodAccessorImpl.invoke(NativeMethodAccessorImpl.java:62)
	at sun.reflect.DelegatingMethodAccessorImpl.invoke(DelegatingMethodAccessorImpl.java:43)
	at java.lang.reflect.Method.invoke(Method.java:498)
	at org.testng.internal.MethodInvocationHelper.invokeMethod(MethodInvocationHelper.java:133)
	at org.testng.internal.TestInvoker.invokeMethod(TestInvoker.java:584)
	at org.testng.internal.TestInvoker.invokeTestMethod(TestInvoker.java:172)
	at org.testng.internal.MethodRunner.runInSequence(MethodRunner.java:46)
	at org.testng.internal.TestInvoker$MethodInvocationAgent.invoke(TestInvoker.java:804)
	at org.testng.internal.TestInvoker.invokeTestMethods(TestInvoker.java:145)
	at org.testng.internal.TestMethodWorker.invokeTestMethods(TestMethodWorker.java:146)
	at org.testng.internal.TestMethodWorker.run(TestMethodWorker.java:128)
	at java.util.ArrayList.forEach(ArrayList.java:1259)
	at org.testng.TestRunner.privateRun(TestRunner.java:770)
	at org.testng.TestRunner.run(TestRunner.java:591)
	at org.testng.SuiteRunner.runTest(SuiteRunner.java:402)
	at org.testng.SuiteRunner.runSequentially(SuiteRunner.java:396)
	at org.testng.SuiteRunner.privateRun(SuiteRunner.java:355)
	at org.testng.SuiteRunner.run(SuiteRunner.java:304)
	at org.testng.SuiteRunnerWorker.runSuite(SuiteRunnerWorker.java:53)
	at org.testng.SuiteRunnerWorker.run(SuiteRunnerWorker.java:96)
	at org.testng.TestNG.runSuitesSequentially(TestNG.java:1180)
	at org.testng.TestNG.runSuitesLocally(TestNG.java:1102)
	at org.testng.TestNG.runSuites(TestNG.java:1032)
	at org.testng.TestNG.run(TestNG.java:1000)
	at org.apache.maven.surefire.testng.TestNGExecutor.run(TestNGExecutor.java:284)
	at org.apache.maven.surefire.testng.TestNGXmlTestSuite.execute(TestNGXmlTestSuite.java:75)
	at org.apache.maven.surefire.testng.TestNGProvider.invoke(TestNGProvider.java:119)
	at org.apache.maven.surefire.booter.ForkedBooter.runSuitesInProcess(ForkedBooter.java:428)
	at org.apache.maven.surefire.booter.ForkedBooter.execute(ForkedBooter.java:162)
	at org.apache.maven.surefire.booter.ForkedBooter.run(ForkedBooter.java:562)
	at org.apache.maven.surefire.booter.ForkedBooter.main(ForkedBooter.java:548)
Caused by: org.xml.sax.SAXParseException; lineNumber: 1; columnNumber: 1; Content is not allowed in prolog.
	at com.sun.org.apache.xerces.internal.parsers.AbstractSAXParser.parse(AbstractSAXParser.java:1243)
	at com.sun.org.apache.xerces.internal.jaxp.SAXParserImpl$JAXPSAXParser.parse(SAXParserImpl.java:644)
	at groovy.xml.XmlSlurper.parse(XmlSlurper.java:202)
	at groovy.xml.XmlSlurper.parse(XmlSlurper.java:255)
	at groovy.xml.XmlSlurper.parseText(XmlSlurper.java:281)
	at io.restassured.path.xml.XmlPath$1.method(XmlPath.java:840)
	at io.restassured.path.xml.XmlPath$LazyXmlParser.invoke(XmlPath.java:1032)
	... 38 more
</div></td></tr></table><p class="totop"><a href="#summary">back to summary</a></p>
<h3 id="m16">walmart.Walmart_Search_XML#getProduct1</h3><table class="result"><tr><th class="invisible"/></tr></table><p class="totop"><a href="#summary">back to summary</a></p>
<h3 id="m17">walmart.Walmart_Search_XML#getProduct2</h3><table class="result"><tr><th class="invisible"/></tr></table><p class="totop"><a href="#summary">back to summary</a></p>
<h3 id="m18">walmart.Walmart_Search_XML#getProduct3</h3><table class="result"><tr><th class="invisible"/></tr></table><p class="totop"><a href="#summary">back to summary</a></p>
</body>
</html>
