<?xml version="1.0" encoding="UTF-8"?>
<testng-results skipped="0" failed="5" ignored="0" total="19" passed="14">
  <reporter-output>
  </reporter-output>
  <suite name="Walmart Search JSON" duration-ms="17313" started-at="2020-11-08T23:44:45 IST" finished-at="2020-11-08T23:45:03 IST">
    <groups>
    </groups>
    <test name="D:/Workspace/WalmartRestProject" duration-ms="17313" started-at="2020-11-08T23:44:45 IST" finished-at="2020-11-08T23:45:03 IST">
      <class name="walmart.Walmart_Search">
        <test-method status="PASS" signature="init()[pri:0, instance:walmart.Walmart_Search@52b56a3e]" name="init" is-config="true" duration-ms="965" started-at="2020-11-08T23:44:45 IST" finished-at="2020-11-08T23:44:46 IST">
          <reporter-output>
          </reporter-output>
        </test-method> <!-- init -->
        <test-method status="PASS" signature="getProduct1()[pri:0, instance:walmart.Walmart_Search@52b56a3e]" name="getProduct1" duration-ms="5046" started-at="2020-11-08T23:44:46 IST" description="Test Case1: Extract number of items from response body" finished-at="2020-11-08T23:44:51 IST">
          <reporter-output>
          </reporter-output>
        </test-method> <!-- getProduct1 -->
        <test-method status="PASS" signature="getProduct2()[pri:0, instance:walmart.Walmart_Search@52b56a3e]" name="getProduct2" duration-ms="1218" started-at="2020-11-08T23:44:52 IST" description="Test Case2: Extract search query from response body" finished-at="2020-11-08T23:44:53 IST">
          <reporter-output>
          </reporter-output>
        </test-method> <!-- getProduct2 -->
        <test-method status="PASS" signature="getProduct3()[pri:0, instance:walmart.Walmart_Search@52b56a3e]" name="getProduct3" duration-ms="1114" started-at="2020-11-08T23:44:53 IST" description="Test Case3: Extract name of the first product from response body" finished-at="2020-11-08T23:44:54 IST">
          <reporter-output>
          </reporter-output>
        </test-method> <!-- getProduct3 -->
        <test-method status="PASS" signature="getProduct4()[pri:0, instance:walmart.Walmart_Search@52b56a3e]" name="getProduct4" duration-ms="1036" started-at="2020-11-08T23:44:54 IST" description="Test Case4: Extract gift options for the first product from response body" finished-at="2020-11-08T23:44:55 IST">
          <reporter-output>
          </reporter-output>
        </test-method> <!-- getProduct4 -->
        <test-method status="PASS" signature="getProduct5()[pri:0, instance:walmart.Walmart_Search@52b56a3e]" name="getProduct5" duration-ms="1058" started-at="2020-11-08T23:44:55 IST" description="Test Case5: Extract size of items array from response body" finished-at="2020-11-08T23:44:56 IST">
          <reporter-output>
          </reporter-output>
        </test-method> <!-- getProduct5 -->
        <test-method status="PASS" signature="getProduct6()[pri:0, instance:walmart.Walmart_Search@52b56a3e]" name="getProduct6" duration-ms="1149" started-at="2020-11-08T23:44:56 IST" description="Test Case6: Extract name of all items from response body" finished-at="2020-11-08T23:44:57 IST">
          <reporter-output>
          </reporter-output>
        </test-method> <!-- getProduct6 -->
        <test-method status="PASS" signature="getProduct7()[pri:0, instance:walmart.Walmart_Search@52b56a3e]" name="getProduct7" duration-ms="1241" started-at="2020-11-08T23:44:57 IST" description="Test Case7: Extract details for Straight Talk LG Journey Smartphone from response body" finished-at="2020-11-08T23:44:58 IST">
          <reporter-output>
          </reporter-output>
        </test-method> <!-- getProduct7 -->
        <test-method status="PASS" signature="getProduct8()[pri:0, instance:walmart.Walmart_Search@52b56a3e]" name="getProduct8" duration-ms="1039" started-at="2020-11-08T23:44:58 IST" description="Test Case8: Extract all sale price values for Straight Talk LG Journey Smartphone" finished-at="2020-11-08T23:44:59 IST">
          <reporter-output>
          </reporter-output>
        </test-method> <!-- getProduct8 -->
        <test-method status="PASS" signature="getProduct9()[pri:0, instance:walmart.Walmart_Search@52b56a3e]" name="getProduct9" duration-ms="1000" started-at="2020-11-08T23:44:59 IST" description="Test Case9: Extract names of all products with sale price less that 100$" finished-at="2020-11-08T23:45:00 IST">
          <reporter-output>
          </reporter-output>
        </test-method> <!-- getProduct9 -->
        <test-method status="PASS" signature="getProduct10()[pri:0, instance:walmart.Walmart_Search@52b56a3e]" name="getProduct10" duration-ms="1119" started-at="2020-11-08T23:45:00 IST" description="Test Case10: Extract msrp for all Straight Talk phone" finished-at="2020-11-08T23:45:02 IST">
          <reporter-output>
          </reporter-output>
        </test-method> <!-- getProduct10 -->
        <test-method status="PASS" signature="getProduct11()[pri:0, instance:walmart.Walmart_Search@52b56a3e]" name="getProduct11" duration-ms="1079" started-at="2020-11-08T23:45:02 IST" description="Test Case11: Extract msrp for Apple iPhones" finished-at="2020-11-08T23:45:03 IST">
          <reporter-output>
          </reporter-output>
        </test-method> <!-- getProduct11 -->
      </class> <!-- walmart.Walmart_Search -->
    </test> <!-- D:/Workspace/WalmartRestProject -->
  </suite> <!-- Walmart Search JSON -->
  <suite name="Walmart Search XML" duration-ms="8419" started-at="2020-11-08T23:45:03 IST" finished-at="2020-11-08T23:45:11 IST">
    <groups>
    </groups>
    <test name="D:/Workspace/WalmartRestProject" duration-ms="8419" started-at="2020-11-08T23:45:03 IST" finished-at="2020-11-08T23:45:11 IST">
      <class name="walmart.Walmart_Search_XML">
        <test-method status="PASS" signature="init()[pri:0, instance:walmart.Walmart_Search_XML@2d10e0b1]" name="init" is-config="true" duration-ms="0" started-at="2020-11-08T23:45:03 IST" finished-at="2020-11-08T23:45:03 IST">
          <reporter-output>
          </reporter-output>
        </test-method> <!-- init -->
        <test-method status="PASS" signature="getProduct1()[pri:0, instance:walmart.Walmart_Search_XML@2d10e0b1]" name="getProduct1" duration-ms="1047" started-at="2020-11-08T23:45:03 IST" description="Test Case1: Extract number of items from response body" finished-at="2020-11-08T23:45:04 IST">
          <reporter-output>
          </reporter-output>
        </test-method> <!-- getProduct1 -->
        <test-method status="PASS" signature="getProduct2()[pri:0, instance:walmart.Walmart_Search_XML@2d10e0b1]" name="getProduct2" duration-ms="1068" started-at="2020-11-08T23:45:04 IST" description="Test Case2: Extract search query from response body" finished-at="2020-11-08T23:45:05 IST">
          <reporter-output>
          </reporter-output>
        </test-method> <!-- getProduct2 -->
        <test-method status="PASS" signature="getProduct3()[pri:0, instance:walmart.Walmart_Search_XML@2d10e0b1]" name="getProduct3" duration-ms="1111" started-at="2020-11-08T23:45:05 IST" description="Test Case1: Extract name of first item from response body" finished-at="2020-11-08T23:45:06 IST">
          <reporter-output>
          </reporter-output>
        </test-method> <!-- getProduct3 -->
        <test-method status="FAIL" signature="getProduct4()[pri:0, instance:walmart.Walmart_Search_XML@2d10e0b1]" name="getProduct4" duration-ms="1023" started-at="2020-11-08T23:45:06 IST" description="Test Case1: Extract gift options for first item from response body" finished-at="2020-11-08T23:45:07 IST">
          <exception class="io.restassured.path.xml.exception.XmlPathException">
            <message>
              <![CDATA[Failed to parse the XML document]]>
            </message>
            <full-stacktrace>
              <![CDATA[io.restassured.path.xml.exception.XmlPathException: Failed to parse the XML document
at io.restassured.path.xml.XmlPath$LazyXmlParser.invoke(XmlPath.java:1039)
at io.restassured.path.xml.XmlPath.getFromPath(XmlPath.java:423)
at io.restassured.path.xml.XmlPath.get(XmlPath.java:317)
at io.restassured.path.xml.XmlPath.getString(XmlPath.java:571)
at walmart.Walmart_Search_XML.getProduct4(Walmart_Search_XML.java:73)
at sun.reflect.NativeMethodAccessorImpl.invoke0(Native Method)
at sun.reflect.NativeMethodAccessorImpl.invoke(NativeMethodAccessorImpl.java:62)
at sun.reflect.DelegatingMethodAccessorImpl.invoke(DelegatingMethodAccessorImpl.java:43)
at java.lang.reflect.Method.invoke(Method.java:498)
at org.testng.internal.MethodInvocationHelper.invokeMethod(MethodInvocationHelper.java:133)
at org.testng.internal.TestInvoker.invokeMethod(TestInvoker.java:584)
at org.testng.internal.TestInvoker.invokeTestMethod(TestInvoker.java:172)
at org.testng.internal.MethodRunner.runInSequence(MethodRunner.java:46)
at org.testng.internal.TestInvoker$MethodInvocationAgent.invoke(TestInvoker.java:804)
at org.testng.internal.TestInvoker.invokeTestMethods(TestInvoker.java:145)
at org.testng.internal.TestMethodWorker.invokeTestMethods(TestMethodWorker.java:146)
at org.testng.internal.TestMethodWorker.run(TestMethodWorker.java:128)
at java.util.ArrayList.forEach(ArrayList.java:1259)
at org.testng.TestRunner.privateRun(TestRunner.java:770)
at org.testng.TestRunner.run(TestRunner.java:591)
at org.testng.SuiteRunner.runTest(SuiteRunner.java:402)
at org.testng.SuiteRunner.runSequentially(SuiteRunner.java:396)
at org.testng.SuiteRunner.privateRun(SuiteRunner.java:355)
at org.testng.SuiteRunner.run(SuiteRunner.java:304)
at org.testng.SuiteRunnerWorker.runSuite(SuiteRunnerWorker.java:53)
at org.testng.SuiteRunnerWorker.run(SuiteRunnerWorker.java:96)
at org.testng.TestNG.runSuitesSequentially(TestNG.java:1180)
at org.testng.TestNG.runSuitesLocally(TestNG.java:1102)
at org.testng.TestNG.runSuites(TestNG.java:1032)
at org.testng.TestNG.run(TestNG.java:1000)
at org.apache.maven.surefire.testng.TestNGExecutor.run(TestNGExecutor.java:284)
at org.apache.maven.surefire.testng.TestNGXmlTestSuite.execute(TestNGXmlTestSuite.java:75)
at org.apache.maven.surefire.testng.TestNGProvider.invoke(TestNGProvider.java:119)
at org.apache.maven.surefire.booter.ForkedBooter.runSuitesInProcess(ForkedBooter.java:428)
at org.apache.maven.surefire.booter.ForkedBooter.execute(ForkedBooter.java:162)
at org.apache.maven.surefire.booter.ForkedBooter.run(ForkedBooter.java:562)
at org.apache.maven.surefire.booter.ForkedBooter.main(ForkedBooter.java:548)
Caused by: org.xml.sax.SAXParseException; lineNumber: 1; columnNumber: 1; Content is not allowed in prolog.
at com.sun.org.apache.xerces.internal.parsers.AbstractSAXParser.parse(AbstractSAXParser.java:1243)
at com.sun.org.apache.xerces.internal.jaxp.SAXParserImpl$JAXPSAXParser.parse(SAXParserImpl.java:644)
at groovy.xml.XmlSlurper.parse(XmlSlurper.java:202)
at groovy.xml.XmlSlurper.parse(XmlSlurper.java:255)
at groovy.xml.XmlSlurper.parseText(XmlSlurper.java:281)
at io.restassured.path.xml.XmlPath$1.method(XmlPath.java:840)
at io.restassured.path.xml.XmlPath$LazyXmlParser.invoke(XmlPath.java:1032)
... 36 more
]]>
            </full-stacktrace>
          </exception> <!-- io.restassured.path.xml.exception.XmlPathException -->
          <reporter-output>
          </reporter-output>
        </test-method> <!-- getProduct4 -->
        <test-method status="FAIL" signature="getProduct5()[pri:0, instance:walmart.Walmart_Search_XML@2d10e0b1]" name="getProduct5" duration-ms="1100" started-at="2020-11-08T23:45:07 IST" description="Test Case1: Extract size items array from response body" finished-at="2020-11-08T23:45:08 IST">
          <exception class="java.lang.NullPointerException">
            <full-stacktrace>
              <![CDATA[java.lang.NullPointerException
at walmart.Walmart_Search_XML.getProduct5(Walmart_Search_XML.java:86)
at sun.reflect.NativeMethodAccessorImpl.invoke0(Native Method)
at sun.reflect.NativeMethodAccessorImpl.invoke(NativeMethodAccessorImpl.java:62)
at sun.reflect.DelegatingMethodAccessorImpl.invoke(DelegatingMethodAccessorImpl.java:43)
at java.lang.reflect.Method.invoke(Method.java:498)
at org.testng.internal.MethodInvocationHelper.invokeMethod(MethodInvocationHelper.java:133)
at org.testng.internal.TestInvoker.invokeMethod(TestInvoker.java:584)
at org.testng.internal.TestInvoker.invokeTestMethod(TestInvoker.java:172)
at org.testng.internal.MethodRunner.runInSequence(MethodRunner.java:46)
at org.testng.internal.TestInvoker$MethodInvocationAgent.invoke(TestInvoker.java:804)
at org.testng.internal.TestInvoker.invokeTestMethods(TestInvoker.java:145)
at org.testng.internal.TestMethodWorker.invokeTestMethods(TestMethodWorker.java:146)
at org.testng.internal.TestMethodWorker.run(TestMethodWorker.java:128)
at java.util.ArrayList.forEach(ArrayList.java:1259)
at org.testng.TestRunner.privateRun(TestRunner.java:770)
at org.testng.TestRunner.run(TestRunner.java:591)
at org.testng.SuiteRunner.runTest(SuiteRunner.java:402)
at org.testng.SuiteRunner.runSequentially(SuiteRunner.java:396)
at org.testng.SuiteRunner.privateRun(SuiteRunner.java:355)
at org.testng.SuiteRunner.run(SuiteRunner.java:304)
at org.testng.SuiteRunnerWorker.runSuite(SuiteRunnerWorker.java:53)
at org.testng.SuiteRunnerWorker.run(SuiteRunnerWorker.java:96)
at org.testng.TestNG.runSuitesSequentially(TestNG.java:1180)
at org.testng.TestNG.runSuitesLocally(TestNG.java:1102)
at org.testng.TestNG.runSuites(TestNG.java:1032)
at org.testng.TestNG.run(TestNG.java:1000)
at org.apache.maven.surefire.testng.TestNGExecutor.run(TestNGExecutor.java:284)
at org.apache.maven.surefire.testng.TestNGXmlTestSuite.execute(TestNGXmlTestSuite.java:75)
at org.apache.maven.surefire.testng.TestNGProvider.invoke(TestNGProvider.java:119)
at org.apache.maven.surefire.booter.ForkedBooter.runSuitesInProcess(ForkedBooter.java:428)
at org.apache.maven.surefire.booter.ForkedBooter.execute(ForkedBooter.java:162)
at org.apache.maven.surefire.booter.ForkedBooter.run(ForkedBooter.java:562)
at org.apache.maven.surefire.booter.ForkedBooter.main(ForkedBooter.java:548)
]]>
            </full-stacktrace>
          </exception> <!-- java.lang.NullPointerException -->
          <reporter-output>
          </reporter-output>
        </test-method> <!-- getProduct5 -->
        <test-method status="FAIL" signature="getProduct6()[pri:0, instance:walmart.Walmart_Search_XML@2d10e0b1]" name="getProduct6" duration-ms="958" started-at="2020-11-08T23:45:08 IST" description="Test Case1: Extract name of all available items from response body" finished-at="2020-11-08T23:45:09 IST">
          <exception class="io.restassured.path.xml.exception.XmlPathException">
            <message>
              <![CDATA[Failed to parse the XML document]]>
            </message>
            <full-stacktrace>
              <![CDATA[io.restassured.path.xml.exception.XmlPathException: Failed to parse the XML document
at io.restassured.path.xml.XmlPath$LazyXmlParser.invoke(XmlPath.java:1039)
at io.restassured.path.xml.XmlPath.getFromPath(XmlPath.java:423)
at io.restassured.path.xml.XmlPath.get(XmlPath.java:317)
at io.restassured.path.xml.XmlPath.getAsList(XmlPath.java:882)
at io.restassured.path.xml.XmlPath.getAsList(XmlPath.java:878)
at io.restassured.path.xml.XmlPath.getList(XmlPath.java:330)
at walmart.Walmart_Search_XML.getProduct6(Walmart_Search_XML.java:98)
at sun.reflect.NativeMethodAccessorImpl.invoke0(Native Method)
at sun.reflect.NativeMethodAccessorImpl.invoke(NativeMethodAccessorImpl.java:62)
at sun.reflect.DelegatingMethodAccessorImpl.invoke(DelegatingMethodAccessorImpl.java:43)
at java.lang.reflect.Method.invoke(Method.java:498)
at org.testng.internal.MethodInvocationHelper.invokeMethod(MethodInvocationHelper.java:133)
at org.testng.internal.TestInvoker.invokeMethod(TestInvoker.java:584)
at org.testng.internal.TestInvoker.invokeTestMethod(TestInvoker.java:172)
at org.testng.internal.MethodRunner.runInSequence(MethodRunner.java:46)
at org.testng.internal.TestInvoker$MethodInvocationAgent.invoke(TestInvoker.java:804)
at org.testng.internal.TestInvoker.invokeTestMethods(TestInvoker.java:145)
at org.testng.internal.TestMethodWorker.invokeTestMethods(TestMethodWorker.java:146)
at org.testng.internal.TestMethodWorker.run(TestMethodWorker.java:128)
at java.util.ArrayList.forEach(ArrayList.java:1259)
at org.testng.TestRunner.privateRun(TestRunner.java:770)
at org.testng.TestRunner.run(TestRunner.java:591)
at org.testng.SuiteRunner.runTest(SuiteRunner.java:402)
at org.testng.SuiteRunner.runSequentially(SuiteRunner.java:396)
at org.testng.SuiteRunner.privateRun(SuiteRunner.java:355)
at org.testng.SuiteRunner.run(SuiteRunner.java:304)
at org.testng.SuiteRunnerWorker.runSuite(SuiteRunnerWorker.java:53)
at org.testng.SuiteRunnerWorker.run(SuiteRunnerWorker.java:96)
at org.testng.TestNG.runSuitesSequentially(TestNG.java:1180)
at org.testng.TestNG.runSuitesLocally(TestNG.java:1102)
at org.testng.TestNG.runSuites(TestNG.java:1032)
at org.testng.TestNG.run(TestNG.java:1000)
at org.apache.maven.surefire.testng.TestNGExecutor.run(TestNGExecutor.java:284)
at org.apache.maven.surefire.testng.TestNGXmlTestSuite.execute(TestNGXmlTestSuite.java:75)
at org.apache.maven.surefire.testng.TestNGProvider.invoke(TestNGProvider.java:119)
at org.apache.maven.surefire.booter.ForkedBooter.runSuitesInProcess(ForkedBooter.java:428)
at org.apache.maven.surefire.booter.ForkedBooter.execute(ForkedBooter.java:162)
at org.apache.maven.surefire.booter.ForkedBooter.run(ForkedBooter.java:562)
at org.apache.maven.surefire.booter.ForkedBooter.main(ForkedBooter.java:548)
Caused by: org.xml.sax.SAXParseException; lineNumber: 1; columnNumber: 1; Content is not allowed in prolog.
at com.sun.org.apache.xerces.internal.parsers.AbstractSAXParser.parse(AbstractSAXParser.java:1243)
at com.sun.org.apache.xerces.internal.jaxp.SAXParserImpl$JAXPSAXParser.parse(SAXParserImpl.java:644)
at groovy.xml.XmlSlurper.parse(XmlSlurper.java:202)
at groovy.xml.XmlSlurper.parse(XmlSlurper.java:255)
at groovy.xml.XmlSlurper.parseText(XmlSlurper.java:281)
at io.restassured.path.xml.XmlPath$1.method(XmlPath.java:840)
at io.restassured.path.xml.XmlPath$LazyXmlParser.invoke(XmlPath.java:1032)
... 38 more
]]>
            </full-stacktrace>
          </exception> <!-- io.restassured.path.xml.exception.XmlPathException -->
          <reporter-output>
          </reporter-output>
        </test-method> <!-- getProduct6 -->
        <test-method status="FAIL" signature="getProduct7()[pri:0, instance:walmart.Walmart_Search_XML@2d10e0b1]" name="getProduct7" duration-ms="1118" started-at="2020-11-08T23:45:09 IST" description="Test Case1: Extract sale price value for Apple iPhone from response body" finished-at="2020-11-08T23:45:10 IST">
          <exception class="io.restassured.path.xml.exception.XmlPathException">
            <message>
              <![CDATA[Failed to parse the XML document]]>
            </message>
            <full-stacktrace>
              <![CDATA[io.restassured.path.xml.exception.XmlPathException: Failed to parse the XML document
at io.restassured.path.xml.XmlPath$LazyXmlParser.invoke(XmlPath.java:1039)
at io.restassured.path.xml.XmlPath.getFromPath(XmlPath.java:423)
at io.restassured.path.xml.XmlPath.get(XmlPath.java:317)
at io.restassured.path.xml.XmlPath.getAsList(XmlPath.java:882)
at io.restassured.path.xml.XmlPath.getAsList(XmlPath.java:878)
at io.restassured.path.xml.XmlPath.getList(XmlPath.java:330)
at walmart.Walmart_Search_XML.getProduct7(Walmart_Search_XML.java:113)
at sun.reflect.NativeMethodAccessorImpl.invoke0(Native Method)
at sun.reflect.NativeMethodAccessorImpl.invoke(NativeMethodAccessorImpl.java:62)
at sun.reflect.DelegatingMethodAccessorImpl.invoke(DelegatingMethodAccessorImpl.java:43)
at java.lang.reflect.Method.invoke(Method.java:498)
at org.testng.internal.MethodInvocationHelper.invokeMethod(MethodInvocationHelper.java:133)
at org.testng.internal.TestInvoker.invokeMethod(TestInvoker.java:584)
at org.testng.internal.TestInvoker.invokeTestMethod(TestInvoker.java:172)
at org.testng.internal.MethodRunner.runInSequence(MethodRunner.java:46)
at org.testng.internal.TestInvoker$MethodInvocationAgent.invoke(TestInvoker.java:804)
at org.testng.internal.TestInvoker.invokeTestMethods(TestInvoker.java:145)
at org.testng.internal.TestMethodWorker.invokeTestMethods(TestMethodWorker.java:146)
at org.testng.internal.TestMethodWorker.run(TestMethodWorker.java:128)
at java.util.ArrayList.forEach(ArrayList.java:1259)
at org.testng.TestRunner.privateRun(TestRunner.java:770)
at org.testng.TestRunner.run(TestRunner.java:591)
at org.testng.SuiteRunner.runTest(SuiteRunner.java:402)
at org.testng.SuiteRunner.runSequentially(SuiteRunner.java:396)
at org.testng.SuiteRunner.privateRun(SuiteRunner.java:355)
at org.testng.SuiteRunner.run(SuiteRunner.java:304)
at org.testng.SuiteRunnerWorker.runSuite(SuiteRunnerWorker.java:53)
at org.testng.SuiteRunnerWorker.run(SuiteRunnerWorker.java:96)
at org.testng.TestNG.runSuitesSequentially(TestNG.java:1180)
at org.testng.TestNG.runSuitesLocally(TestNG.java:1102)
at org.testng.TestNG.runSuites(TestNG.java:1032)
at org.testng.TestNG.run(TestNG.java:1000)
at org.apache.maven.surefire.testng.TestNGExecutor.run(TestNGExecutor.java:284)
at org.apache.maven.surefire.testng.TestNGXmlTestSuite.execute(TestNGXmlTestSuite.java:75)
at org.apache.maven.surefire.testng.TestNGProvider.invoke(TestNGProvider.java:119)
at org.apache.maven.surefire.booter.ForkedBooter.runSuitesInProcess(ForkedBooter.java:428)
at org.apache.maven.surefire.booter.ForkedBooter.execute(ForkedBooter.java:162)
at org.apache.maven.surefire.booter.ForkedBooter.run(ForkedBooter.java:562)
at org.apache.maven.surefire.booter.ForkedBooter.main(ForkedBooter.java:548)
Caused by: org.xml.sax.SAXParseException; lineNumber: 1; columnNumber: 1; Content is not allowed in prolog.
at com.sun.org.apache.xerces.internal.parsers.AbstractSAXParser.parse(AbstractSAXParser.java:1243)
at com.sun.org.apache.xerces.internal.jaxp.SAXParserImpl$JAXPSAXParser.parse(SAXParserImpl.java:644)
at groovy.xml.XmlSlurper.parse(XmlSlurper.java:202)
at groovy.xml.XmlSlurper.parse(XmlSlurper.java:255)
at groovy.xml.XmlSlurper.parseText(XmlSlurper.java:281)
at io.restassured.path.xml.XmlPath$1.method(XmlPath.java:840)
at io.restassured.path.xml.XmlPath$LazyXmlParser.invoke(XmlPath.java:1032)
... 38 more
]]>
            </full-stacktrace>
          </exception> <!-- io.restassured.path.xml.exception.XmlPathException -->
          <reporter-output>
          </reporter-output>
        </test-method> <!-- getProduct7 -->
        <test-method status="FAIL" signature="getProduct8()[pri:0, instance:walmart.Walmart_Search_XML@2d10e0b1]" name="getProduct8" duration-ms="920" started-at="2020-11-08T23:45:10 IST" description="Test Case1: Extract sale price value for Apple iPhone from response body with deep search" finished-at="2020-11-08T23:45:11 IST">
          <exception class="io.restassured.path.xml.exception.XmlPathException">
            <message>
              <![CDATA[Failed to parse the XML document]]>
            </message>
            <full-stacktrace>
              <![CDATA[io.restassured.path.xml.exception.XmlPathException: Failed to parse the XML document
at io.restassured.path.xml.XmlPath$LazyXmlParser.invoke(XmlPath.java:1039)
at io.restassured.path.xml.XmlPath.getFromPath(XmlPath.java:423)
at io.restassured.path.xml.XmlPath.get(XmlPath.java:317)
at io.restassured.path.xml.XmlPath.getAsList(XmlPath.java:882)
at io.restassured.path.xml.XmlPath.getAsList(XmlPath.java:878)
at io.restassured.path.xml.XmlPath.getList(XmlPath.java:330)
at walmart.Walmart_Search_XML.getProduct8(Walmart_Search_XML.java:127)
at sun.reflect.NativeMethodAccessorImpl.invoke0(Native Method)
at sun.reflect.NativeMethodAccessorImpl.invoke(NativeMethodAccessorImpl.java:62)
at sun.reflect.DelegatingMethodAccessorImpl.invoke(DelegatingMethodAccessorImpl.java:43)
at java.lang.reflect.Method.invoke(Method.java:498)
at org.testng.internal.MethodInvocationHelper.invokeMethod(MethodInvocationHelper.java:133)
at org.testng.internal.TestInvoker.invokeMethod(TestInvoker.java:584)
at org.testng.internal.TestInvoker.invokeTestMethod(TestInvoker.java:172)
at org.testng.internal.MethodRunner.runInSequence(MethodRunner.java:46)
at org.testng.internal.TestInvoker$MethodInvocationAgent.invoke(TestInvoker.java:804)
at org.testng.internal.TestInvoker.invokeTestMethods(TestInvoker.java:145)
at org.testng.internal.TestMethodWorker.invokeTestMethods(TestMethodWorker.java:146)
at org.testng.internal.TestMethodWorker.run(TestMethodWorker.java:128)
at java.util.ArrayList.forEach(ArrayList.java:1259)
at org.testng.TestRunner.privateRun(TestRunner.java:770)
at org.testng.TestRunner.run(TestRunner.java:591)
at org.testng.SuiteRunner.runTest(SuiteRunner.java:402)
at org.testng.SuiteRunner.runSequentially(SuiteRunner.java:396)
at org.testng.SuiteRunner.privateRun(SuiteRunner.java:355)
at org.testng.SuiteRunner.run(SuiteRunner.java:304)
at org.testng.SuiteRunnerWorker.runSuite(SuiteRunnerWorker.java:53)
at org.testng.SuiteRunnerWorker.run(SuiteRunnerWorker.java:96)
at org.testng.TestNG.runSuitesSequentially(TestNG.java:1180)
at org.testng.TestNG.runSuitesLocally(TestNG.java:1102)
at org.testng.TestNG.runSuites(TestNG.java:1032)
at org.testng.TestNG.run(TestNG.java:1000)
at org.apache.maven.surefire.testng.TestNGExecutor.run(TestNGExecutor.java:284)
at org.apache.maven.surefire.testng.TestNGXmlTestSuite.execute(TestNGXmlTestSuite.java:75)
at org.apache.maven.surefire.testng.TestNGProvider.invoke(TestNGProvider.java:119)
at org.apache.maven.surefire.booter.ForkedBooter.runSuitesInProcess(ForkedBooter.java:428)
at org.apache.maven.surefire.booter.ForkedBooter.execute(ForkedBooter.java:162)
at org.apache.maven.surefire.booter.ForkedBooter.run(ForkedBooter.java:562)
at org.apache.maven.surefire.booter.ForkedBooter.main(ForkedBooter.java:548)
Caused by: org.xml.sax.SAXParseException; lineNumber: 1; columnNumber: 1; Content is not allowed in prolog.
at com.sun.org.apache.xerces.internal.parsers.AbstractSAXParser.parse(AbstractSAXParser.java:1243)
at com.sun.org.apache.xerces.internal.jaxp.SAXParserImpl$JAXPSAXParser.parse(SAXParserImpl.java:644)
at groovy.xml.XmlSlurper.parse(XmlSlurper.java:202)
at groovy.xml.XmlSlurper.parse(XmlSlurper.java:255)
at groovy.xml.XmlSlurper.parseText(XmlSlurper.java:281)
at io.restassured.path.xml.XmlPath$1.method(XmlPath.java:840)
at io.restassured.path.xml.XmlPath$LazyXmlParser.invoke(XmlPath.java:1032)
... 38 more
]]>
            </full-stacktrace>
          </exception> <!-- io.restassured.path.xml.exception.XmlPathException -->
          <reporter-output>
          </reporter-output>
        </test-method> <!-- getProduct8 -->
      </class> <!-- walmart.Walmart_Search_XML -->
    </test> <!-- D:/Workspace/WalmartRestProject -->
  </suite> <!-- Walmart Search XML -->
</testng-results>
